2022/10/29 00:27:01 [error] [exception.CHttpException.404] CHttpException: The requested page does not exist. in E:\xampp\htdocs\toko-base\protected\controllers\AkunController.php:45
Stack trace:
#0 E:\xampp\htdocs\toko-base\protected\controllers\AkunController.php(24): AkunController->loadModel('1')
#1 [internal function]: AkunController->actionUpdate('1')
#2 E:\xampp\htdocs\toko-base\yii\framework\web\actions\CAction.php(107): ReflectionMethod->invokeArgs(Object(AkunController), Array)
#3 E:\xampp\htdocs\toko-base\yii\framework\web\actions\CInlineAction.php(48): CAction->runWithParamsInternal(Object(AkunController), Object(ReflectionMethod), Array)
#4 E:\xampp\htdocs\toko-base\yii\framework\web\CController.php(309): CInlineAction->runWithParams(Array)
#5 E:\xampp\htdocs\toko-base\yii\framework\web\CController.php(287): CController->runAction(Object(CInlineAction))
#6 E:\xampp\htdocs\toko-base\yii\framework\web\CController.php(266): CController->runActionWithFilters(Object(CInlineAction), Array)
#7 E:\xampp\htdocs\toko-base\yii\framework\web\CWebApplication.php(276): CController->run('update')
#8 E:\xampp\htdocs\toko-base\yii\framework\web\CWebApplication.php(135): CWebApplication->runController('Akun/update')
#9 E:\xampp\htdocs\toko-base\yii\framework\base\CApplication.php(162): CWebApplication->processRequest()
#10 E:\xampp\htdocs\toko-base\index.php(22): CApplication->run()
#11 {main}
REQUEST_URI=/toko-base/index.php?r=Akun/update&id=1
---
2022/10/29 00:27:19 [error] [exception.CHttpException.404] CHttpException: The requested page does not exist. in E:\xampp\htdocs\toko-base\protected\controllers\AkunController.php:45
Stack trace:
#0 E:\xampp\htdocs\toko-base\protected\controllers\AkunController.php(24): AkunController->loadModel('3')
#1 [internal function]: AkunController->actionUpdate('3')
#2 E:\xampp\htdocs\toko-base\yii\framework\web\actions\CAction.php(107): ReflectionMethod->invokeArgs(Object(AkunController), Array)
#3 E:\xampp\htdocs\toko-base\yii\framework\web\actions\CInlineAction.php(48): CAction->runWithParamsInternal(Object(AkunController), Object(ReflectionMethod), Array)
#4 E:\xampp\htdocs\toko-base\yii\framework\web\CController.php(309): CInlineAction->runWithParams(Array)
#5 E:\xampp\htdocs\toko-base\yii\framework\web\CController.php(287): CController->runAction(Object(CInlineAction))
#6 E:\xampp\htdocs\toko-base\yii\framework\web\CController.php(266): CController->runActionWithFilters(Object(CInlineAction), Array)
#7 E:\xampp\htdocs\toko-base\yii\framework\web\CWebApplication.php(276): CController->run('update')
#8 E:\xampp\htdocs\toko-base\yii\framework\web\CWebApplication.php(135): CWebApplication->runController('Akun/update')
#9 E:\xampp\htdocs\toko-base\yii\framework\base\CApplication.php(162): CWebApplication->processRequest()
#10 E:\xampp\htdocs\toko-base\index.php(22): CApplication->run()
#11 {main}
REQUEST_URI=/toko-base/index.php?r=Akun/update&id=3
HTTP_REFERER=http://localhost/toko-base/index.php?r=akun/admin
---
2022/10/29 00:27:32 [error] [exception.CHttpException.404] CHttpException: The requested page does not exist. in E:\xampp\htdocs\toko-base\protected\controllers\AkunController.php:45
Stack trace:
#0 E:\xampp\htdocs\toko-base\protected\controllers\AkunController.php(24): AkunController->loadModel('3')
#1 [internal function]: AkunController->actionUpdate('3')
#2 E:\xampp\htdocs\toko-base\yii\framework\web\actions\CAction.php(107): ReflectionMethod->invokeArgs(Object(AkunController), Array)
#3 E:\xampp\htdocs\toko-base\yii\framework\web\actions\CInlineAction.php(48): CAction->runWithParamsInternal(Object(AkunController), Object(ReflectionMethod), Array)
#4 E:\xampp\htdocs\toko-base\yii\framework\web\CController.php(309): CInlineAction->runWithParams(Array)
#5 E:\xampp\htdocs\toko-base\yii\framework\web\CController.php(287): CController->runAction(Object(CInlineAction))
#6 E:\xampp\htdocs\toko-base\yii\framework\web\CController.php(266): CController->runActionWithFilters(Object(CInlineAction), Array)
#7 E:\xampp\htdocs\toko-base\yii\framework\web\CWebApplication.php(276): CController->run('update')
#8 E:\xampp\htdocs\toko-base\yii\framework\web\CWebApplication.php(135): CWebApplication->runController('Akun/update')
#9 E:\xampp\htdocs\toko-base\yii\framework\base\CApplication.php(162): CWebApplication->processRequest()
#10 E:\xampp\htdocs\toko-base\index.php(22): CApplication->run()
#11 {main}
REQUEST_URI=/toko-base/index.php?r=Akun/update&id=3
---
2022/10/29 00:27:40 [error] [exception.Error] Error: Class 'Akun' not found in E:\xampp\htdocs\toko-base\protected\controllers\AkunController.php:43
Stack trace:
#0 E:\xampp\htdocs\toko-base\protected\controllers\AkunController.php(24): AkunController->loadModel('3')
#1 [internal function]: AkunController->actionUpdate('3')
#2 E:\xampp\htdocs\toko-base\yii\framework\web\actions\CAction.php(107): ReflectionMethod->invokeArgs(Object(AkunController), Array)
#3 E:\xampp\htdocs\toko-base\yii\framework\web\actions\CInlineAction.php(48): CAction->runWithParamsInternal(Object(AkunController), Object(ReflectionMethod), Array)
#4 E:\xampp\htdocs\toko-base\yii\framework\web\CController.php(309): CInlineAction->runWithParams(Array)
#5 E:\xampp\htdocs\toko-base\yii\framework\web\CController.php(287): CController->runAction(Object(CInlineAction))
#6 E:\xampp\htdocs\toko-base\yii\framework\web\CController.php(266): CController->runActionWithFilters(Object(CInlineAction), Array)
#7 E:\xampp\htdocs\toko-base\yii\framework\web\CWebApplication.php(276): CController->run('update')
#8 E:\xampp\htdocs\toko-base\yii\framework\web\CWebApplication.php(135): CWebApplication->runController('Akun/update')
#9 E:\xampp\htdocs\toko-base\yii\framework\base\CApplication.php(162): CWebApplication->processRequest()
#10 E:\xampp\htdocs\toko-base\index.php(22): CApplication->run()
#11 {main}
REQUEST_URI=/toko-base/index.php?r=Akun/update&id=3
---
2022/10/29 00:28:33 [error] [exception.CException] CException: Property "AkuntansiAkun.category" is not defined. in E:\xampp\htdocs\toko-base\yii\framework\base\CComponent.php:131
Stack trace:
#0 E:\xampp\htdocs\toko-base\yii\framework\db\ar\CActiveRecord.php(144): CComponent->__get('category')
#1 E:\xampp\htdocs\toko-base\yii\framework\web\helpers\CHtml.php(2044): CActiveRecord->__get('category')
#2 E:\xampp\htdocs\toko-base\yii\framework\web\helpers\CHtml.php(1774): CHtml::resolveValue(Object(AkuntansiAkun), 'category')
#3 E:\xampp\htdocs\toko-base\yii\framework\web\helpers\CHtml.php(1205): CHtml::activeInputField('text', Object(AkuntansiAkun), 'category', Array)
#4 E:\xampp\htdocs\toko-base\yii\framework\web\widgets\CActiveForm.php(575): CHtml::activeTextField(Object(AkuntansiAkun), 'category', Array)
#5 E:\xampp\htdocs\toko-base\protected\views\akun\_form.php(36): CActiveForm->textField(Object(AkuntansiAkun), 'category', Array)
#6 E:\xampp\htdocs\toko-base\yii\framework\web\CBaseController.php(127): require('E:\\xampp\\htdocs...')
#7 E:\xampp\htdocs\toko-base\yii\framework\web\CBaseController.php(96): CBaseController->renderInternal('E:\\xampp\\htdocs...', Array, true)
#8 E:\xampp\htdocs\toko-base\yii\framework\web\CController.php(870): CBaseController->renderFile('E:\\xampp\\htdocs...', Array, true)
#9 E:\xampp\htdocs\toko-base\protected\views\akun\update.php(21): CController->renderPartial('_form', Array)
#10 E:\xampp\htdocs\toko-base\yii\framework\web\CBaseController.php(127): require('E:\\xampp\\htdocs...')
#11 E:\xampp\htdocs\toko-base\yii\framework\web\CBaseController.php(96): CBaseController->renderInternal('E:\\xampp\\htdocs...', Array, true)
#12 E:\xampp\htdocs\toko-base\yii\framework\web\CController.php(870): CBaseController->renderFile('E:\\xampp\\htdocs...', Array, true)
#13 E:\xampp\htdocs\toko-base\yii\framework\web\CController.php(783): CController->renderPartial('update', Array, true)
#14 E:\xampp\htdocs\toko-base\protected\controllers\AkunController.php(37): CController->render('update', Array)
#15 [internal function]: AkunController->actionUpdate('3')
#16 E:\xampp\htdocs\toko-base\yii\framework\web\actions\CAction.php(107): ReflectionMethod->invokeArgs(Object(AkunController), Array)
#17 E:\xampp\htdocs\toko-base\yii\framework\web\actions\CInlineAction.php(48): CAction->runWithParamsInternal(Object(AkunController), Object(ReflectionMethod), Array)
#18 E:\xampp\htdocs\toko-base\yii\framework\web\CController.php(309): CInlineAction->runWithParams(Array)
#19 E:\xampp\htdocs\toko-base\yii\framework\web\CController.php(287): CController->runAction(Object(CInlineAction))
#20 E:\xampp\htdocs\toko-base\yii\framework\web\CController.php(266): CController->runActionWithFilters(Object(CInlineAction), Array)
#21 E:\xampp\htdocs\toko-base\yii\framework\web\CWebApplication.php(276): CController->run('update')
#22 E:\xampp\htdocs\toko-base\yii\framework\web\CWebApplication.php(135): CWebApplication->runController('Akun/update')
#23 E:\xampp\htdocs\toko-base\yii\framework\base\CApplication.php(162): CWebApplication->processRequest()
#24 E:\xampp\htdocs\toko-base\index.php(22): CApplication->run()
#25 {main}
REQUEST_URI=/toko-base/index.php?r=Akun/update&id=3
---
2022/10/29 00:29:02 [error] [exception.CException] CException: Property "AkuntansiAkun.category" is not defined. in E:\xampp\htdocs\toko-base\yii\framework\base\CComponent.php:131
Stack trace:
#0 E:\xampp\htdocs\toko-base\yii\framework\db\ar\CActiveRecord.php(144): CComponent->__get('category')
#1 E:\xampp\htdocs\toko-base\yii\framework\web\helpers\CHtml.php(2044): CActiveRecord->__get('category')
#2 E:\xampp\htdocs\toko-base\yii\framework\web\helpers\CHtml.php(1774): CHtml::resolveValue(Object(AkuntansiAkun), 'category')
#3 E:\xampp\htdocs\toko-base\yii\framework\web\helpers\CHtml.php(1205): CHtml::activeInputField('text', Object(AkuntansiAkun), 'category', Array)
#4 E:\xampp\htdocs\toko-base\yii\framework\web\widgets\CActiveForm.php(575): CHtml::activeTextField(Object(AkuntansiAkun), 'category', Array)
#5 E:\xampp\htdocs\toko-base\protected\views\akun\_form.php(36): CActiveForm->textField(Object(AkuntansiAkun), 'category', Array)
#6 E:\xampp\htdocs\toko-base\yii\framework\web\CBaseController.php(127): require('E:\\xampp\\htdocs...')
#7 E:\xampp\htdocs\toko-base\yii\framework\web\CBaseController.php(96): CBaseController->renderInternal('E:\\xampp\\htdocs...', Array, true)
#8 E:\xampp\htdocs\toko-base\yii\framework\web\CController.php(870): CBaseController->renderFile('E:\\xampp\\htdocs...', Array, true)
#9 E:\xampp\htdocs\toko-base\protected\views\akun\update.php(4): CController->renderPartial('_form', Array)
#10 E:\xampp\htdocs\toko-base\yii\framework\web\CBaseController.php(127): require('E:\\xampp\\htdocs...')
#11 E:\xampp\htdocs\toko-base\yii\framework\web\CBaseController.php(96): CBaseController->renderInternal('E:\\xampp\\htdocs...', Array, true)
#12 E:\xampp\htdocs\toko-base\yii\framework\web\CController.php(870): CBaseController->renderFile('E:\\xampp\\htdocs...', Array, true)
#13 E:\xampp\htdocs\toko-base\yii\framework\web\CController.php(783): CController->renderPartial('update', Array, true)
#14 E:\xampp\htdocs\toko-base\protected\controllers\AkunController.php(37): CController->render('update', Array)
#15 [internal function]: AkunController->actionUpdate('3')
#16 E:\xampp\htdocs\toko-base\yii\framework\web\actions\CAction.php(107): ReflectionMethod->invokeArgs(Object(AkunController), Array)
#17 E:\xampp\htdocs\toko-base\yii\framework\web\actions\CInlineAction.php(48): CAction->runWithParamsInternal(Object(AkunController), Object(ReflectionMethod), Array)
#18 E:\xampp\htdocs\toko-base\yii\framework\web\CController.php(309): CInlineAction->runWithParams(Array)
#19 E:\xampp\htdocs\toko-base\yii\framework\web\CController.php(287): CController->runAction(Object(CInlineAction))
#20 E:\xampp\htdocs\toko-base\yii\framework\web\CController.php(266): CController->runActionWithFilters(Object(CInlineAction), Array)
#21 E:\xampp\htdocs\toko-base\yii\framework\web\CWebApplication.php(276): CController->run('update')
#22 E:\xampp\htdocs\toko-base\yii\framework\web\CWebApplication.php(135): CWebApplication->runController('Akun/update')
#23 E:\xampp\htdocs\toko-base\yii\framework\base\CApplication.php(162): CWebApplication->processRequest()
#24 E:\xampp\htdocs\toko-base\index.php(22): CApplication->run()
#25 {main}
REQUEST_URI=/toko-base/index.php?r=Akun/update&id=3
---
2022/10/29 00:29:18 [error] [exception.CException] CException: Property "AkuntansiAkun.image" is not defined. in E:\xampp\htdocs\toko-base\yii\framework\base\CComponent.php:131
Stack trace:
#0 E:\xampp\htdocs\toko-base\yii\framework\db\ar\CActiveRecord.php(144): CComponent->__get('image')
#1 E:\xampp\htdocs\toko-base\yii\framework\web\helpers\CHtml.php(2044): CActiveRecord->__get('image')
#2 E:\xampp\htdocs\toko-base\yii\framework\web\helpers\CHtml.php(1774): CHtml::resolveValue(Object(AkuntansiAkun), 'image')
#3 E:\xampp\htdocs\toko-base\yii\framework\web\helpers\CHtml.php(1205): CHtml::activeInputField('text', Object(AkuntansiAkun), 'image', Array)
#4 E:\xampp\htdocs\toko-base\yii\framework\web\widgets\CActiveForm.php(575): CHtml::activeTextField(Object(AkuntansiAkun), 'image', Array)
#5 E:\xampp\htdocs\toko-base\protected\views\akun\_form.php(45): CActiveForm->textField(Object(AkuntansiAkun), 'image', Array)
#6 E:\xampp\htdocs\toko-base\yii\framework\web\CBaseController.php(127): require('E:\\xampp\\htdocs...')
#7 E:\xampp\htdocs\toko-base\yii\framework\web\CBaseController.php(96): CBaseController->renderInternal('E:\\xampp\\htdocs...', Array, true)
#8 E:\xampp\htdocs\toko-base\yii\framework\web\CController.php(870): CBaseController->renderFile('E:\\xampp\\htdocs...', Array, true)
#9 E:\xampp\htdocs\toko-base\protected\views\akun\update.php(4): CController->renderPartial('_form', Array)
#10 E:\xampp\htdocs\toko-base\yii\framework\web\CBaseController.php(127): require('E:\\xampp\\htdocs...')
#11 E:\xampp\htdocs\toko-base\yii\framework\web\CBaseController.php(96): CBaseController->renderInternal('E:\\xampp\\htdocs...', Array, true)
#12 E:\xampp\htdocs\toko-base\yii\framework\web\CController.php(870): CBaseController->renderFile('E:\\xampp\\htdocs...', Array, true)
#13 E:\xampp\htdocs\toko-base\yii\framework\web\CController.php(783): CController->renderPartial('update', Array, true)
#14 E:\xampp\htdocs\toko-base\protected\controllers\AkunController.php(37): CController->render('update', Array)
#15 [internal function]: AkunController->actionUpdate('3')
#16 E:\xampp\htdocs\toko-base\yii\framework\web\actions\CAction.php(107): ReflectionMethod->invokeArgs(Object(AkunController), Array)
#17 E:\xampp\htdocs\toko-base\yii\framework\web\actions\CInlineAction.php(48): CAction->runWithParamsInternal(Object(AkunController), Object(ReflectionMethod), Array)
#18 E:\xampp\htdocs\toko-base\yii\framework\web\CController.php(309): CInlineAction->runWithParams(Array)
#19 E:\xampp\htdocs\toko-base\yii\framework\web\CController.php(287): CController->runAction(Object(CInlineAction))
#20 E:\xampp\htdocs\toko-base\yii\framework\web\CController.php(266): CController->runActionWithFilters(Object(CInlineAction), Array)
#21 E:\xampp\htdocs\toko-base\yii\framework\web\CWebApplication.php(276): CController->run('update')
#22 E:\xampp\htdocs\toko-base\yii\framework\web\CWebApplication.php(135): CWebApplication->runController('Akun/update')
#23 E:\xampp\htdocs\toko-base\yii\framework\base\CApplication.php(162): CWebApplication->processRequest()
#24 E:\xampp\htdocs\toko-base\index.php(22): CApplication->run()
#25 {main}
REQUEST_URI=/toko-base/index.php?r=Akun/update&id=3
---
2022/10/29 00:29:32 [error] [exception.CException] CException: Property "AkuntansiAkun.status" is not defined. in E:\xampp\htdocs\toko-base\yii\framework\base\CComponent.php:131
Stack trace:
#0 E:\xampp\htdocs\toko-base\yii\framework\db\ar\CActiveRecord.php(144): CComponent->__get('status')
#1 E:\xampp\htdocs\toko-base\yii\framework\web\helpers\CHtml.php(2044): CActiveRecord->__get('status')
#2 E:\xampp\htdocs\toko-base\yii\framework\web\helpers\CHtml.php(1774): CHtml::resolveValue(Object(AkuntansiAkun), 'status')
#3 E:\xampp\htdocs\toko-base\yii\framework\web\helpers\CHtml.php(1205): CHtml::activeInputField('text', Object(AkuntansiAkun), 'status', Array)
#4 E:\xampp\htdocs\toko-base\yii\framework\web\widgets\CActiveForm.php(575): CHtml::activeTextField(Object(AkuntansiAkun), 'status', Array)
#5 E:\xampp\htdocs\toko-base\protected\views\akun\_form.php(45): CActiveForm->textField(Object(AkuntansiAkun), 'status')
#6 E:\xampp\htdocs\toko-base\yii\framework\web\CBaseController.php(127): require('E:\\xampp\\htdocs...')
#7 E:\xampp\htdocs\toko-base\yii\framework\web\CBaseController.php(96): CBaseController->renderInternal('E:\\xampp\\htdocs...', Array, true)
#8 E:\xampp\htdocs\toko-base\yii\framework\web\CController.php(870): CBaseController->renderFile('E:\\xampp\\htdocs...', Array, true)
#9 E:\xampp\htdocs\toko-base\protected\views\akun\update.php(4): CController->renderPartial('_form', Array)
#10 E:\xampp\htdocs\toko-base\yii\framework\web\CBaseController.php(127): require('E:\\xampp\\htdocs...')
#11 E:\xampp\htdocs\toko-base\yii\framework\web\CBaseController.php(96): CBaseController->renderInternal('E:\\xampp\\htdocs...', Array, true)
#12 E:\xampp\htdocs\toko-base\yii\framework\web\CController.php(870): CBaseController->renderFile('E:\\xampp\\htdocs...', Array, true)
#13 E:\xampp\htdocs\toko-base\yii\framework\web\CController.php(783): CController->renderPartial('update', Array, true)
#14 E:\xampp\htdocs\toko-base\protected\controllers\AkunController.php(37): CController->render('update', Array)
#15 [internal function]: AkunController->actionUpdate('3')
#16 E:\xampp\htdocs\toko-base\yii\framework\web\actions\CAction.php(107): ReflectionMethod->invokeArgs(Object(AkunController), Array)
#17 E:\xampp\htdocs\toko-base\yii\framework\web\actions\CInlineAction.php(48): CAction->runWithParamsInternal(Object(AkunController), Object(ReflectionMethod), Array)
#18 E:\xampp\htdocs\toko-base\yii\framework\web\CController.php(309): CInlineAction->runWithParams(Array)
#19 E:\xampp\htdocs\toko-base\yii\framework\web\CController.php(287): CController->runAction(Object(CInlineAction))
#20 E:\xampp\htdocs\toko-base\yii\framework\web\CController.php(266): CController->runActionWithFilters(Object(CInlineAction), Array)
#21 E:\xampp\htdocs\toko-base\yii\framework\web\CWebApplication.php(276): CController->run('update')
#22 E:\xampp\htdocs\toko-base\yii\framework\web\CWebApplication.php(135): CWebApplication->runController('Akun/update')
#23 E:\xampp\htdocs\toko-base\yii\framework\base\CApplication.php(162): CWebApplication->processRequest()
#24 E:\xampp\htdocs\toko-base\index.php(22): CApplication->run()
#25 {main}
REQUEST_URI=/toko-base/index.php?r=Akun/update&id=3
---
2022/10/29 00:35:33 [error] [exception.CHttpException.404] CHttpException: The system is unable to find the requested action "create". in E:\xampp\htdocs\toko-base\yii\framework\web\CController.php:484
Stack trace:
#0 E:\xampp\htdocs\toko-base\yii\framework\web\CController.php(271): CController->missingAction('create')
#1 E:\xampp\htdocs\toko-base\yii\framework\web\CWebApplication.php(276): CController->run('create')
#2 E:\xampp\htdocs\toko-base\yii\framework\web\CWebApplication.php(135): CWebApplication->runController('akun/create')
#3 E:\xampp\htdocs\toko-base\yii\framework\base\CApplication.php(162): CWebApplication->processRequest()
#4 E:\xampp\htdocs\toko-base\index.php(22): CApplication->run()
#5 {main}
REQUEST_URI=/toko-base/index.php?r=akun/create
HTTP_REFERER=http://localhost/toko-base/index.php?r=akun/admin
---
2022/10/29 00:37:15 [warning] [application] Failed to set unsafe attribute "nama_akun" of "AkuntansiAkun".
in E:\xampp\htdocs\toko-base\protected\controllers\AkunController.php (31)
in E:\xampp\htdocs\toko-base\index.php (22)
2022/10/29 00:37:15 [warning] [application] Failed to set unsafe attribute "subgroup_id" of "AkuntansiAkun".
in E:\xampp\htdocs\toko-base\protected\controllers\AkunController.php (31)
in E:\xampp\htdocs\toko-base\index.php (22)
2022/10/29 00:37:26 [warning] [application] Failed to set unsafe attribute "nama_akun" of "AkuntansiAkun".
in E:\xampp\htdocs\toko-base\protected\controllers\AkunController.php (31)
in E:\xampp\htdocs\toko-base\index.php (22)
2022/10/29 00:37:26 [warning] [application] Failed to set unsafe attribute "subgroup_id" of "AkuntansiAkun".
in E:\xampp\htdocs\toko-base\protected\controllers\AkunController.php (31)
in E:\xampp\htdocs\toko-base\index.php (22)
2022/10/29 00:37:42 [warning] [application] Failed to set unsafe attribute "nama_akun" of "AkuntansiAkun".
in E:\xampp\htdocs\toko-base\protected\controllers\AkunController.php (31)
in E:\xampp\htdocs\toko-base\index.php (22)
2022/10/29 00:37:42 [warning] [application] Failed to set unsafe attribute "subgroup_id" of "AkuntansiAkun".
in E:\xampp\htdocs\toko-base\protected\controllers\AkunController.php (31)
in E:\xampp\htdocs\toko-base\index.php (22)
2022/10/29 00:38:38 [warning] [application] Failed to set unsafe attribute "nama_akun" of "AkuntansiAkun".
in E:\xampp\htdocs\toko-base\protected\controllers\AkunController.php (31)
in E:\xampp\htdocs\toko-base\index.php (22)
2022/10/29 00:38:38 [warning] [application] Failed to set unsafe attribute "subgroup_id" of "AkuntansiAkun".
in E:\xampp\htdocs\toko-base\protected\controllers\AkunController.php (31)
in E:\xampp\htdocs\toko-base\index.php (22)
2022/10/29 00:38:45 [warning] [application] Failed to set unsafe attribute "nama_akun" of "AkuntansiAkun".
in E:\xampp\htdocs\toko-base\protected\controllers\AkunController.php (31)
in E:\xampp\htdocs\toko-base\index.php (22)
2022/10/29 00:38:45 [warning] [application] Failed to set unsafe attribute "subgroup_id" of "AkuntansiAkun".
in E:\xampp\htdocs\toko-base\protected\controllers\AkunController.php (31)
in E:\xampp\htdocs\toko-base\index.php (22)
2022/10/29 00:39:14 [warning] [application] Failed to set unsafe attribute "nama_akun" of "AkuntansiAkun".
in E:\xampp\htdocs\toko-base\protected\controllers\AkunController.php (31)
in E:\xampp\htdocs\toko-base\index.php (22)
2022/10/29 00:39:14 [warning] [application] Failed to set unsafe attribute "subgroup_id" of "AkuntansiAkun".
in E:\xampp\htdocs\toko-base\protected\controllers\AkunController.php (31)
in E:\xampp\htdocs\toko-base\index.php (22)
2022/10/29 00:39:18 [warning] [application] Failed to set unsafe attribute "nama_akun" of "AkuntansiAkun".
in E:\xampp\htdocs\toko-base\protected\controllers\AkunController.php (31)
in E:\xampp\htdocs\toko-base\index.php (22)
2022/10/29 00:39:18 [warning] [application] Failed to set unsafe attribute "subgroup_id" of "AkuntansiAkun".
in E:\xampp\htdocs\toko-base\protected\controllers\AkunController.php (31)
in E:\xampp\htdocs\toko-base\index.php (22)
2022/10/29 00:39:53 [warning] [application] Failed to set unsafe attribute "nama_akun" of "AkuntansiAkun".
in E:\xampp\htdocs\toko-base\protected\controllers\AkunController.php (32)
in E:\xampp\htdocs\toko-base\index.php (22)
2022/10/29 00:39:53 [warning] [application] Failed to set unsafe attribute "subgroup_id" of "AkuntansiAkun".
in E:\xampp\htdocs\toko-base\protected\controllers\AkunController.php (32)
in E:\xampp\htdocs\toko-base\index.php (22)
2022/10/29 00:40:20 [warning] [application] Failed to set unsafe attribute "nama_akun" of "AkuntansiAkun".
in E:\xampp\htdocs\toko-base\protected\controllers\AkunController.php (32)
in E:\xampp\htdocs\toko-base\index.php (22)
2022/10/29 00:40:20 [warning] [application] Failed to set unsafe attribute "subgroup_id" of "AkuntansiAkun".
in E:\xampp\htdocs\toko-base\protected\controllers\AkunController.php (32)
in E:\xampp\htdocs\toko-base\index.php (22)
2022/10/29 00:42:21 [error] [exception.ParseError] ParseError: syntax error, unexpected '}', expecting ';' in E:\xampp\htdocs\toko-base\protected\models\AkuntansiAkun.php:34
Stack trace:
#0 [internal function]: YiiBase::autoload('AkuntansiAkun')
#1 E:\xampp\htdocs\toko-base\protected\controllers\AkunController.php(43): spl_autoload_call('AkuntansiAkun')
#2 E:\xampp\htdocs\toko-base\protected\controllers\AkunController.php(24): AkunController->loadModel('1')
#3 [internal function]: AkunController->actionUpdate('1')
#4 E:\xampp\htdocs\toko-base\yii\framework\web\actions\CAction.php(107): ReflectionMethod->invokeArgs(Object(AkunController), Array)
#5 E:\xampp\htdocs\toko-base\yii\framework\web\actions\CInlineAction.php(48): CAction->runWithParamsInternal(Object(AkunController), Object(ReflectionMethod), Array)
#6 E:\xampp\htdocs\toko-base\yii\framework\web\CController.php(309): CInlineAction->runWithParams(Array)
#7 E:\xampp\htdocs\toko-base\yii\framework\web\CController.php(287): CController->runAction(Object(CInlineAction))
#8 E:\xampp\htdocs\toko-base\yii\framework\web\CController.php(266): CController->runActionWithFilters(Object(CInlineAction), Array)
#9 E:\xampp\htdocs\toko-base\yii\framework\web\CWebApplication.php(276): CController->run('update')
#10 E:\xampp\htdocs\toko-base\yii\framework\web\CWebApplication.php(135): CWebApplication->runController('Akun/update')
#11 E:\xampp\htdocs\toko-base\yii\framework\base\CApplication.php(162): CWebApplication->processRequest()
#12 E:\xampp\htdocs\toko-base\index.php(22): CApplication->run()
#13 {main}
REQUEST_URI=/toko-base/index.php?r=Akun/update&id=1
---
2022/10/29 00:42:35 [warning] [application] Failed to set unsafe attribute "subgroup_id" of "AkuntansiAkun".
in E:\xampp\htdocs\toko-base\protected\controllers\AkunController.php (31)
in E:\xampp\htdocs\toko-base\index.php (22)
2022/10/29 00:42:45 [warning] [application] Failed to set unsafe attribute "subgroup_id" of "AkuntansiAkun".
in E:\xampp\htdocs\toko-base\protected\controllers\AkunController.php (31)
in E:\xampp\htdocs\toko-base\index.php (22)
2022/10/29 00:47:48 [error] [exception.CHttpException.404] CHttpException: The system is unable to find the requested action "create". in E:\xampp\htdocs\toko-base\yii\framework\web\CController.php:484
Stack trace:
#0 E:\xampp\htdocs\toko-base\yii\framework\web\CController.php(271): CController->missingAction('create')
#1 E:\xampp\htdocs\toko-base\yii\framework\web\CWebApplication.php(276): CController->run('create')
#2 E:\xampp\htdocs\toko-base\yii\framework\web\CWebApplication.php(135): CWebApplication->runController('akun/create')
#3 E:\xampp\htdocs\toko-base\yii\framework\base\CApplication.php(162): CWebApplication->processRequest()
#4 E:\xampp\htdocs\toko-base\index.php(22): CApplication->run()
#5 {main}
REQUEST_URI=/toko-base/index.php?r=akun/create
HTTP_REFERER=http://localhost/toko-base/index.php?r=akun/admin&id=1
---
2022/10/29 00:54:03 [error] [exception.CHttpException.404] CHttpException: The system is unable to find the requested action "laporan_jurnal". in E:\xampp\htdocs\toko-base\yii\framework\web\CController.php:484
Stack trace:
#0 E:\xampp\htdocs\toko-base\yii\framework\web\CController.php(271): CController->missingAction('laporan_jurnal')
#1 E:\xampp\htdocs\toko-base\yii\framework\web\CWebApplication.php(276): CController->run('laporan_jurnal')
#2 E:\xampp\htdocs\toko-base\yii\framework\web\CWebApplication.php(135): CWebApplication->runController('jurnal/laporan_...')
#3 E:\xampp\htdocs\toko-base\yii\framework\base\CApplication.php(162): CWebApplication->processRequest()
#4 E:\xampp\htdocs\toko-base\index.php(22): CApplication->run()
#5 {main}
REQUEST_URI=/toko-base/index.php?r=jurnal/laporan_jurnal
---
2022/10/29 00:54:08 [error] [exception.CException] CException: JurnalController cannot find the requested view "laporan_jurnal". in E:\xampp\htdocs\toko-base\yii\framework\web\CController.php:879
Stack trace:
#0 E:\xampp\htdocs\toko-base\yii\framework\web\CController.php(783): CController->renderPartial('laporan_jurnal', Array, true)
#1 E:\xampp\htdocs\toko-base\protected\controllers\JurnalController.php(115): CController->render('laporan_jurnal', Array)
#2 E:\xampp\htdocs\toko-base\yii\framework\web\actions\CInlineAction.php(50): JurnalController->actionIndex()
#3 E:\xampp\htdocs\toko-base\yii\framework\web\CController.php(309): CInlineAction->runWithParams(Array)
#4 E:\xampp\htdocs\toko-base\yii\framework\web\CController.php(287): CController->runAction(Object(CInlineAction))
#5 E:\xampp\htdocs\toko-base\yii\framework\web\CController.php(266): CController->runActionWithFilters(Object(CInlineAction), Array)
#6 E:\xampp\htdocs\toko-base\yii\framework\web\CWebApplication.php(276): CController->run('')
#7 E:\xampp\htdocs\toko-base\yii\framework\web\CWebApplication.php(135): CWebApplication->runController('jurnal/')
#8 E:\xampp\htdocs\toko-base\yii\framework\base\CApplication.php(162): CWebApplication->processRequest()
#9 E:\xampp\htdocs\toko-base\index.php(22): CApplication->run()
#10 {main}
REQUEST_URI=/toko-base/index.php?r=jurnal/
---
2022/10/29 00:54:32 [error] [exception.CException] CException: JurnalController cannot find the requested view "laporan_jurnal". in E:\xampp\htdocs\toko-base\yii\framework\web\CController.php:879
Stack trace:
#0 E:\xampp\htdocs\toko-base\yii\framework\web\CController.php(783): CController->renderPartial('laporan_jurnal', Array, true)
#1 E:\xampp\htdocs\toko-base\protected\controllers\JurnalController.php(115): CController->render('laporan_jurnal', Array)
#2 E:\xampp\htdocs\toko-base\yii\framework\web\actions\CInlineAction.php(50): JurnalController->actionIndex()
#3 E:\xampp\htdocs\toko-base\yii\framework\web\CController.php(309): CInlineAction->runWithParams(Array)
#4 E:\xampp\htdocs\toko-base\yii\framework\web\CController.php(287): CController->runAction(Object(CInlineAction))
#5 E:\xampp\htdocs\toko-base\yii\framework\web\CController.php(266): CController->runActionWithFilters(Object(CInlineAction), Array)
#6 E:\xampp\htdocs\toko-base\yii\framework\web\CWebApplication.php(276): CController->run('')
#7 E:\xampp\htdocs\toko-base\yii\framework\web\CWebApplication.php(135): CWebApplication->runController('jurnal/')
#8 E:\xampp\htdocs\toko-base\yii\framework\base\CApplication.php(162): CWebApplication->processRequest()
#9 E:\xampp\htdocs\toko-base\index.php(22): CApplication->run()
#10 {main}
REQUEST_URI=/toko-base/index.php?r=jurnal/
---
2022/10/29 00:54:33 [error] [exception.CException] CException: JurnalController cannot find the requested view "laporan_jurnal". in E:\xampp\htdocs\toko-base\yii\framework\web\CController.php:879
Stack trace:
#0 E:\xampp\htdocs\toko-base\yii\framework\web\CController.php(783): CController->renderPartial('laporan_jurnal', Array, true)
#1 E:\xampp\htdocs\toko-base\protected\controllers\JurnalController.php(115): CController->render('laporan_jurnal', Array)
#2 E:\xampp\htdocs\toko-base\yii\framework\web\actions\CInlineAction.php(50): JurnalController->actionIndex()
#3 E:\xampp\htdocs\toko-base\yii\framework\web\CController.php(309): CInlineAction->runWithParams(Array)
#4 E:\xampp\htdocs\toko-base\yii\framework\web\CController.php(287): CController->runAction(Object(CInlineAction))
#5 E:\xampp\htdocs\toko-base\yii\framework\web\CController.php(266): CController->runActionWithFilters(Object(CInlineAction), Array)
#6 E:\xampp\htdocs\toko-base\yii\framework\web\CWebApplication.php(276): CController->run('')
#7 E:\xampp\htdocs\toko-base\yii\framework\web\CWebApplication.php(135): CWebApplication->runController('jurnal/')
#8 E:\xampp\htdocs\toko-base\yii\framework\base\CApplication.php(162): CWebApplication->processRequest()
#9 E:\xampp\htdocs\toko-base\index.php(22): CApplication->run()
#10 {main}
REQUEST_URI=/toko-base/index.php?r=jurnal/
---
2022/10/29 00:56:52 [error] [exception.CHttpException.404] CHttpException: The system is unable to find the requested action "create". in E:\xampp\htdocs\toko-base\yii\framework\web\CController.php:484
Stack trace:
#0 E:\xampp\htdocs\toko-base\yii\framework\web\CController.php(271): CController->missingAction('create')
#1 E:\xampp\htdocs\toko-base\yii\framework\web\CWebApplication.php(276): CController->run('create')
#2 E:\xampp\htdocs\toko-base\yii\framework\web\CWebApplication.php(135): CWebApplication->runController('akun/create')
#3 E:\xampp\htdocs\toko-base\yii\framework\base\CApplication.php(162): CWebApplication->processRequest()
#4 E:\xampp\htdocs\toko-base\index.php(22): CApplication->run()
#5 {main}
REQUEST_URI=/toko-base/index.php?r=akun/create
---
2022/10/29 00:56:55 [error] [system.db.CDbCommand] CDbCommand::fetchAll() failed: SQLSTATE[42000]: Syntax error or access violation: 1064 You have an error in your SQL syntax; check the manual that corresponds to your MariaDB server version for the right syntax to use near 'GROUP BY
ajd.id' at line 15. The SQL statement executed was: 
SELECT
	aj.tanggal_posting,
	aj.id as jurnal_id,
	akun_id,
	ak.nama_akun,
	sum(debit) as debit,
	sum(kredit) as kredit
FROM
	akuntansi_jurnal aj
	INNER JOIN akuntansi_jurnal_detail ajd ON aj.id = ajd.jurnal_id 
	INNER JOIN akuntansi_akun ak on ak.id = ajd.akun_id
WHERE
	branch_id='29'
	order by created_at asc
GROUP BY
ajd.id

  .
in E:\xampp\htdocs\toko-base\protected\views\jurnal\laporan_jurnal.php (93)
in E:\xampp\htdocs\toko-base\protected\controllers\JurnalController.php (115)
in E:\xampp\htdocs\toko-base\index.php (22)
2022/10/29 00:56:55 [error] [exception.CDbException] CDbException: CDbCommand failed to execute the SQL statement: SQLSTATE[42000]: Syntax error or access violation: 1064 You have an error in your SQL syntax; check the manual that corresponds to your MariaDB server version for the right syntax to use near 'GROUP BY
ajd.id' at line 15. The SQL statement executed was: 
SELECT
	aj.tanggal_posting,
	aj.id as jurnal_id,
	akun_id,
	ak.nama_akun,
	sum(debit) as debit,
	sum(kredit) as kredit
FROM
	akuntansi_jurnal aj
	INNER JOIN akuntansi_jurnal_detail ajd ON aj.id = ajd.jurnal_id 
	INNER JOIN akuntansi_akun ak on ak.id = ajd.akun_id
WHERE
	branch_id='29'
	order by created_at asc
GROUP BY
ajd.id

   in E:\xampp\htdocs\toko-base\yii\framework\db\CDbCommand.php:528
Stack trace:
#0 E:\xampp\htdocs\toko-base\yii\framework\db\CDbCommand.php(390): CDbCommand->queryInternal('fetchAll', Array, Array)
#1 E:\xampp\htdocs\toko-base\protected\views\jurnal\laporan_jurnal.php(93): CDbCommand->queryAll()
#2 E:\xampp\htdocs\toko-base\yii\framework\web\CBaseController.php(127): require('E:\\xampp\\htdocs...')
#3 E:\xampp\htdocs\toko-base\yii\framework\web\CBaseController.php(96): CBaseController->renderInternal('E:\\xampp\\htdocs...', Array, true)
#4 E:\xampp\htdocs\toko-base\yii\framework\web\CController.php(870): CBaseController->renderFile('E:\\xampp\\htdocs...', Array, true)
#5 E:\xampp\htdocs\toko-base\yii\framework\web\CController.php(783): CController->renderPartial('laporan_jurnal', Array, true)
#6 E:\xampp\htdocs\toko-base\protected\controllers\JurnalController.php(115): CController->render('laporan_jurnal', Array)
#7 E:\xampp\htdocs\toko-base\yii\framework\web\actions\CInlineAction.php(50): JurnalController->actionIndex()
#8 E:\xampp\htdocs\toko-base\yii\framework\web\CController.php(309): CInlineAction->runWithParams(Array)
#9 E:\xampp\htdocs\toko-base\yii\framework\web\CController.php(287): CController->runAction(Object(CInlineAction))
#10 E:\xampp\htdocs\toko-base\yii\framework\web\CController.php(266): CController->runActionWithFilters(Object(CInlineAction), Array)
#11 E:\xampp\htdocs\toko-base\yii\framework\web\CWebApplication.php(276): CController->run('')
#12 E:\xampp\htdocs\toko-base\yii\framework\web\CWebApplication.php(135): CWebApplication->runController('jurnal/')
#13 E:\xampp\htdocs\toko-base\yii\framework\base\CApplication.php(162): CWebApplication->processRequest()
#14 E:\xampp\htdocs\toko-base\index.php(22): CApplication->run()
#15 {main}
REQUEST_URI=/toko-base/index.php?r=jurnal/
---
2022/10/29 00:57:30 [error] [system.db.CDbCommand] CDbCommand::fetchAll() failed: SQLSTATE[23000]: Integrity constraint violation: 1052 Column 'created_at' in order clause is ambiguous. The SQL statement executed was: 
SELECT
	aj.tanggal_posting,
	aj.id as jurnal_id,
	akun_id,
	ak.nama_akun,
	sum(debit) as debit,
	sum(kredit) as kredit
FROM
	akuntansi_jurnal aj
	INNER JOIN akuntansi_jurnal_detail ajd ON aj.id = ajd.jurnal_id 
	INNER JOIN akuntansi_akun ak on ak.id = ajd.akun_id
WHERE
	branch_id='29'
	
GROUP BY
	ajd.id
ORDER BY
	 created_at asc

  .
in E:\xampp\htdocs\toko-base\protected\views\jurnal\laporan_jurnal.php (95)
in E:\xampp\htdocs\toko-base\protected\controllers\JurnalController.php (115)
in E:\xampp\htdocs\toko-base\index.php (22)
2022/10/29 00:57:30 [error] [exception.CDbException] CDbException: CDbCommand failed to execute the SQL statement: SQLSTATE[23000]: Integrity constraint violation: 1052 Column 'created_at' in order clause is ambiguous. The SQL statement executed was: 
SELECT
	aj.tanggal_posting,
	aj.id as jurnal_id,
	akun_id,
	ak.nama_akun,
	sum(debit) as debit,
	sum(kredit) as kredit
FROM
	akuntansi_jurnal aj
	INNER JOIN akuntansi_jurnal_detail ajd ON aj.id = ajd.jurnal_id 
	INNER JOIN akuntansi_akun ak on ak.id = ajd.akun_id
WHERE
	branch_id='29'
	
GROUP BY
	ajd.id
ORDER BY
	 created_at asc

   in E:\xampp\htdocs\toko-base\yii\framework\db\CDbCommand.php:528
Stack trace:
#0 E:\xampp\htdocs\toko-base\yii\framework\db\CDbCommand.php(390): CDbCommand->queryInternal('fetchAll', Array, Array)
#1 E:\xampp\htdocs\toko-base\protected\views\jurnal\laporan_jurnal.php(95): CDbCommand->queryAll()
#2 E:\xampp\htdocs\toko-base\yii\framework\web\CBaseController.php(127): require('E:\\xampp\\htdocs...')
#3 E:\xampp\htdocs\toko-base\yii\framework\web\CBaseController.php(96): CBaseController->renderInternal('E:\\xampp\\htdocs...', Array, true)
#4 E:\xampp\htdocs\toko-base\yii\framework\web\CController.php(870): CBaseController->renderFile('E:\\xampp\\htdocs...', Array, true)
#5 E:\xampp\htdocs\toko-base\yii\framework\web\CController.php(783): CController->renderPartial('laporan_jurnal', Array, true)
#6 E:\xampp\htdocs\toko-base\protected\controllers\JurnalController.php(115): CController->render('laporan_jurnal', Array)
#7 E:\xampp\htdocs\toko-base\yii\framework\web\actions\CInlineAction.php(50): JurnalController->actionIndex()
#8 E:\xampp\htdocs\toko-base\yii\framework\web\CController.php(309): CInlineAction->runWithParams(Array)
#9 E:\xampp\htdocs\toko-base\yii\framework\web\CController.php(287): CController->runAction(Object(CInlineAction))
#10 E:\xampp\htdocs\toko-base\yii\framework\web\CController.php(266): CController->runActionWithFilters(Object(CInlineAction), Array)
#11 E:\xampp\htdocs\toko-base\yii\framework\web\CWebApplication.php(276): CController->run('')
#12 E:\xampp\htdocs\toko-base\yii\framework\web\CWebApplication.php(135): CWebApplication->runController('jurnal/')
#13 E:\xampp\htdocs\toko-base\yii\framework\base\CApplication.php(162): CWebApplication->processRequest()
#14 E:\xampp\htdocs\toko-base\index.php(22): CApplication->run()
#15 {main}
REQUEST_URI=/toko-base/index.php?r=jurnal/
---
2022/10/29 00:58:06 [error] [system.db.CDbCommand] CDbCommand::fetchAll() failed: SQLSTATE[42S22]: Column not found: 1054 Unknown column 'tanggal' in 'where clause'. The SQL statement executed was: 
SELECT
	aj.tanggal_posting,
	aj.id as jurnal_id,
	akun_id,
	ak.nama_akun,
	sum(debit) as debit,
	sum(kredit) as kredit
FROM
	akuntansi_jurnal aj
	INNER JOIN akuntansi_jurnal_detail ajd ON aj.id = ajd.jurnal_id 
	INNER JOIN akuntansi_akun ak on ak.id = ajd.akun_id
WHERE
	branch_id='29'
	 and date(tanggal) >= '2022-10-29' and date(tanggal)<='2022-10-29' 
	
GROUP BY
	ajd.id
ORDER BY
	 aj.created_at asc

  .
in E:\xampp\htdocs\toko-base\protected\views\jurnal\laporan_jurnal.php (96)
in E:\xampp\htdocs\toko-base\protected\controllers\JurnalController.php (115)
in E:\xampp\htdocs\toko-base\index.php (22)
2022/10/29 00:58:06 [error] [exception.CDbException] CDbException: CDbCommand failed to execute the SQL statement: SQLSTATE[42S22]: Column not found: 1054 Unknown column 'tanggal' in 'where clause'. The SQL statement executed was: 
SELECT
	aj.tanggal_posting,
	aj.id as jurnal_id,
	akun_id,
	ak.nama_akun,
	sum(debit) as debit,
	sum(kredit) as kredit
FROM
	akuntansi_jurnal aj
	INNER JOIN akuntansi_jurnal_detail ajd ON aj.id = ajd.jurnal_id 
	INNER JOIN akuntansi_akun ak on ak.id = ajd.akun_id
WHERE
	branch_id='29'
	 and date(tanggal) >= '2022-10-29' and date(tanggal)<='2022-10-29' 
	
GROUP BY
	ajd.id
ORDER BY
	 aj.created_at asc

   in E:\xampp\htdocs\toko-base\yii\framework\db\CDbCommand.php:528
Stack trace:
#0 E:\xampp\htdocs\toko-base\yii\framework\db\CDbCommand.php(390): CDbCommand->queryInternal('fetchAll', Array, Array)
#1 E:\xampp\htdocs\toko-base\protected\views\jurnal\laporan_jurnal.php(96): CDbCommand->queryAll()
#2 E:\xampp\htdocs\toko-base\yii\framework\web\CBaseController.php(127): require('E:\\xampp\\htdocs...')
#3 E:\xampp\htdocs\toko-base\yii\framework\web\CBaseController.php(96): CBaseController->renderInternal('E:\\xampp\\htdocs...', Array, true)
#4 E:\xampp\htdocs\toko-base\yii\framework\web\CController.php(870): CBaseController->renderFile('E:\\xampp\\htdocs...', Array, true)
#5 E:\xampp\htdocs\toko-base\yii\framework\web\CController.php(783): CController->renderPartial('laporan_jurnal', Array, true)
#6 E:\xampp\htdocs\toko-base\protected\controllers\JurnalController.php(115): CController->render('laporan_jurnal', Array)
#7 E:\xampp\htdocs\toko-base\yii\framework\web\actions\CInlineAction.php(50): JurnalController->actionIndex()
#8 E:\xampp\htdocs\toko-base\yii\framework\web\CController.php(309): CInlineAction->runWithParams(Array)
#9 E:\xampp\htdocs\toko-base\yii\framework\web\CController.php(287): CController->runAction(Object(CInlineAction))
#10 E:\xampp\htdocs\toko-base\yii\framework\web\CController.php(266): CController->runActionWithFilters(Object(CInlineAction), Array)
#11 E:\xampp\htdocs\toko-base\yii\framework\web\CWebApplication.php(276): CController->run('')
#12 E:\xampp\htdocs\toko-base\yii\framework\web\CWebApplication.php(135): CWebApplication->runController('jurnal')
#13 E:\xampp\htdocs\toko-base\yii\framework\base\CApplication.php(162): CWebApplication->processRequest()
#14 E:\xampp\htdocs\toko-base\index.php(22): CApplication->run()
#15 {main}
REQUEST_URI=/toko-base/index.php?r=jurnal
HTTP_REFERER=http://localhost/toko-base/index.php?r=jurnal/
---
2022/10/29 00:58:36 [error] [system.db.CDbCommand] CDbCommand::fetchAll() failed: SQLSTATE[42S22]: Column not found: 1054 Unknown column 'tanggal' in 'where clause'. The SQL statement executed was: 
SELECT
	aj.tanggal_posting,
	aj.id as jurnal_id,
	akun_id,
	ak.nama_akun,
	sum(debit) as debit,
	sum(kredit) as kredit
FROM
	akuntansi_jurnal aj
	INNER JOIN akuntansi_jurnal_detail ajd ON aj.id = ajd.jurnal_id 
	INNER JOIN akuntansi_akun ak on ak.id = ajd.akun_id
WHERE
	branch_id='29'
	 and date(tanggal) >= '2022-10-29' and date(tanggal)<='2022-10-29' 
	
GROUP BY
	ajd.id
ORDER BY
	 aj.created_at asc

  .
in E:\xampp\htdocs\toko-base\protected\views\jurnal\laporan_jurnal.php (96)
in E:\xampp\htdocs\toko-base\protected\controllers\JurnalController.php (115)
in E:\xampp\htdocs\toko-base\index.php (22)
2022/10/29 00:58:36 [error] [exception.CDbException] CDbException: CDbCommand failed to execute the SQL statement: SQLSTATE[42S22]: Column not found: 1054 Unknown column 'tanggal' in 'where clause'. The SQL statement executed was: 
SELECT
	aj.tanggal_posting,
	aj.id as jurnal_id,
	akun_id,
	ak.nama_akun,
	sum(debit) as debit,
	sum(kredit) as kredit
FROM
	akuntansi_jurnal aj
	INNER JOIN akuntansi_jurnal_detail ajd ON aj.id = ajd.jurnal_id 
	INNER JOIN akuntansi_akun ak on ak.id = ajd.akun_id
WHERE
	branch_id='29'
	 and date(tanggal) >= '2022-10-29' and date(tanggal)<='2022-10-29' 
	
GROUP BY
	ajd.id
ORDER BY
	 aj.created_at asc

   in E:\xampp\htdocs\toko-base\yii\framework\db\CDbCommand.php:528
Stack trace:
#0 E:\xampp\htdocs\toko-base\yii\framework\db\CDbCommand.php(390): CDbCommand->queryInternal('fetchAll', Array, Array)
#1 E:\xampp\htdocs\toko-base\protected\views\jurnal\laporan_jurnal.php(96): CDbCommand->queryAll()
#2 E:\xampp\htdocs\toko-base\yii\framework\web\CBaseController.php(127): require('E:\\xampp\\htdocs...')
#3 E:\xampp\htdocs\toko-base\yii\framework\web\CBaseController.php(96): CBaseController->renderInternal('E:\\xampp\\htdocs...', Array, true)
#4 E:\xampp\htdocs\toko-base\yii\framework\web\CController.php(870): CBaseController->renderFile('E:\\xampp\\htdocs...', Array, true)
#5 E:\xampp\htdocs\toko-base\yii\framework\web\CController.php(783): CController->renderPartial('laporan_jurnal', Array, true)
#6 E:\xampp\htdocs\toko-base\protected\controllers\JurnalController.php(115): CController->render('laporan_jurnal', Array)
#7 E:\xampp\htdocs\toko-base\yii\framework\web\actions\CInlineAction.php(50): JurnalController->actionIndex()
#8 E:\xampp\htdocs\toko-base\yii\framework\web\CController.php(309): CInlineAction->runWithParams(Array)
#9 E:\xampp\htdocs\toko-base\yii\framework\web\CController.php(287): CController->runAction(Object(CInlineAction))
#10 E:\xampp\htdocs\toko-base\yii\framework\web\CController.php(266): CController->runActionWithFilters(Object(CInlineAction), Array)
#11 E:\xampp\htdocs\toko-base\yii\framework\web\CWebApplication.php(276): CController->run('')
#12 E:\xampp\htdocs\toko-base\yii\framework\web\CWebApplication.php(135): CWebApplication->runController('jurnal')
#13 E:\xampp\htdocs\toko-base\yii\framework\base\CApplication.php(162): CWebApplication->processRequest()
#14 E:\xampp\htdocs\toko-base\index.php(22): CApplication->run()
#15 {main}
REQUEST_URI=/toko-base/index.php?r=jurnal
HTTP_REFERER=http://localhost/toko-base/index.php?r=jurnal
---
2022/10/29 00:59:49 [error] [exception.CHttpException.404] CHttpException: The system is unable to find the requested action "create". in E:\xampp\htdocs\toko-base\yii\framework\web\CController.php:484
Stack trace:
#0 E:\xampp\htdocs\toko-base\yii\framework\web\CController.php(271): CController->missingAction('create')
#1 E:\xampp\htdocs\toko-base\yii\framework\web\CWebApplication.php(276): CController->run('create')
#2 E:\xampp\htdocs\toko-base\yii\framework\web\CWebApplication.php(135): CWebApplication->runController('akun/create')
#3 E:\xampp\htdocs\toko-base\yii\framework\base\CApplication.php(162): CWebApplication->processRequest()
#4 E:\xampp\htdocs\toko-base\index.php(22): CApplication->run()
#5 {main}
REQUEST_URI=/toko-base/index.php?r=akun/create
---
2022/10/29 01:07:25 [error] [system.db.CDbCommand] CDbCommand::fetchAll() failed: SQLSTATE[23000]: Integrity constraint violation: 1052 Column 'user_id' in field list is ambiguous. The SQL statement executed was: 
SELECT
	aj.tanggal_posting,
	aj.id as jurnal_id,
	akun_id,
	ak.nama_akun,
	sum(debit) as debit,
	sum(kredit) as kredit,
	user_id
FROM
	akuntansi_jurnal aj
	INNER JOIN akuntansi_jurnal_detail ajd ON aj.id = ajd.jurnal_id 
	INNER JOIN akuntansi_akun ak on ak.id = ajd.akun_id
WHERE
	branch_id='29'
	
	
GROUP BY
	ajd.id
ORDER BY
	 aj.created_at asc

  .
in E:\xampp\htdocs\toko-base\protected\views\jurnal\laporan_jurnal.php (97)
in E:\xampp\htdocs\toko-base\protected\controllers\JurnalController.php (115)
in E:\xampp\htdocs\toko-base\index.php (22)
2022/10/29 01:07:25 [error] [exception.CDbException] CDbException: CDbCommand failed to execute the SQL statement: SQLSTATE[23000]: Integrity constraint violation: 1052 Column 'user_id' in field list is ambiguous. The SQL statement executed was: 
SELECT
	aj.tanggal_posting,
	aj.id as jurnal_id,
	akun_id,
	ak.nama_akun,
	sum(debit) as debit,
	sum(kredit) as kredit,
	user_id
FROM
	akuntansi_jurnal aj
	INNER JOIN akuntansi_jurnal_detail ajd ON aj.id = ajd.jurnal_id 
	INNER JOIN akuntansi_akun ak on ak.id = ajd.akun_id
WHERE
	branch_id='29'
	
	
GROUP BY
	ajd.id
ORDER BY
	 aj.created_at asc

   in E:\xampp\htdocs\toko-base\yii\framework\db\CDbCommand.php:528
Stack trace:
#0 E:\xampp\htdocs\toko-base\yii\framework\db\CDbCommand.php(390): CDbCommand->queryInternal('fetchAll', Array, Array)
#1 E:\xampp\htdocs\toko-base\protected\views\jurnal\laporan_jurnal.php(97): CDbCommand->queryAll()
#2 E:\xampp\htdocs\toko-base\yii\framework\web\CBaseController.php(127): require('E:\\xampp\\htdocs...')
#3 E:\xampp\htdocs\toko-base\yii\framework\web\CBaseController.php(96): CBaseController->renderInternal('E:\\xampp\\htdocs...', Array, true)
#4 E:\xampp\htdocs\toko-base\yii\framework\web\CController.php(870): CBaseController->renderFile('E:\\xampp\\htdocs...', Array, true)
#5 E:\xampp\htdocs\toko-base\yii\framework\web\CController.php(783): CController->renderPartial('laporan_jurnal', Array, true)
#6 E:\xampp\htdocs\toko-base\protected\controllers\JurnalController.php(115): CController->render('laporan_jurnal', Array)
#7 E:\xampp\htdocs\toko-base\yii\framework\web\actions\CInlineAction.php(50): JurnalController->actionIndex()
#8 E:\xampp\htdocs\toko-base\yii\framework\web\CController.php(309): CInlineAction->runWithParams(Array)
#9 E:\xampp\htdocs\toko-base\yii\framework\web\CController.php(287): CController->runAction(Object(CInlineAction))
#10 E:\xampp\htdocs\toko-base\yii\framework\web\CController.php(266): CController->runActionWithFilters(Object(CInlineAction), Array)
#11 E:\xampp\htdocs\toko-base\yii\framework\web\CWebApplication.php(276): CController->run('')
#12 E:\xampp\htdocs\toko-base\yii\framework\web\CWebApplication.php(135): CWebApplication->runController('jurnal')
#13 E:\xampp\htdocs\toko-base\yii\framework\base\CApplication.php(162): CWebApplication->processRequest()
#14 E:\xampp\htdocs\toko-base\index.php(22): CApplication->run()
#15 {main}
REQUEST_URI=/toko-base/index.php?r=jurnal
---
2022/10/29 01:08:13 [error] [system.db.CDbCommand] CDbCommand::fetchAll() failed: SQLSTATE[23000]: Integrity constraint violation: 1052 Column 'branch_id' in where clause is ambiguous. The SQL statement executed was: 
SELECT
	aj.tanggal_posting,
	aj.id as jurnal_id,
	akun_id,
	ak.nama_akun,
	sum(debit) as debit,
	sum(kredit) as kredit,
	aj.user_id
FROM
	akuntansi_jurnal aj
	INNER JOIN akuntansi_jurnal_detail ajd ON aj.id = ajd.jurnal_id 
	INNER JOIN akuntansi_akun ak on ak.id = ajd.akun_id
	LEFT JOIN users u on u.id = aj.user_id
WHERE
	branch_id='29'
	
	
GROUP BY
	ajd.id
ORDER BY
	 aj.created_at asc

  .
in E:\xampp\htdocs\toko-base\protected\views\jurnal\laporan_jurnal.php (98)
in E:\xampp\htdocs\toko-base\protected\controllers\JurnalController.php (115)
in E:\xampp\htdocs\toko-base\index.php (22)
2022/10/29 01:08:13 [error] [exception.CDbException] CDbException: CDbCommand failed to execute the SQL statement: SQLSTATE[23000]: Integrity constraint violation: 1052 Column 'branch_id' in where clause is ambiguous. The SQL statement executed was: 
SELECT
	aj.tanggal_posting,
	aj.id as jurnal_id,
	akun_id,
	ak.nama_akun,
	sum(debit) as debit,
	sum(kredit) as kredit,
	aj.user_id
FROM
	akuntansi_jurnal aj
	INNER JOIN akuntansi_jurnal_detail ajd ON aj.id = ajd.jurnal_id 
	INNER JOIN akuntansi_akun ak on ak.id = ajd.akun_id
	LEFT JOIN users u on u.id = aj.user_id
WHERE
	branch_id='29'
	
	
GROUP BY
	ajd.id
ORDER BY
	 aj.created_at asc

   in E:\xampp\htdocs\toko-base\yii\framework\db\CDbCommand.php:528
Stack trace:
#0 E:\xampp\htdocs\toko-base\yii\framework\db\CDbCommand.php(390): CDbCommand->queryInternal('fetchAll', Array, Array)
#1 E:\xampp\htdocs\toko-base\protected\views\jurnal\laporan_jurnal.php(98): CDbCommand->queryAll()
#2 E:\xampp\htdocs\toko-base\yii\framework\web\CBaseController.php(127): require('E:\\xampp\\htdocs...')
#3 E:\xampp\htdocs\toko-base\yii\framework\web\CBaseController.php(96): CBaseController->renderInternal('E:\\xampp\\htdocs...', Array, true)
#4 E:\xampp\htdocs\toko-base\yii\framework\web\CController.php(870): CBaseController->renderFile('E:\\xampp\\htdocs...', Array, true)
#5 E:\xampp\htdocs\toko-base\yii\framework\web\CController.php(783): CController->renderPartial('laporan_jurnal', Array, true)
#6 E:\xampp\htdocs\toko-base\protected\controllers\JurnalController.php(115): CController->render('laporan_jurnal', Array)
#7 E:\xampp\htdocs\toko-base\yii\framework\web\actions\CInlineAction.php(50): JurnalController->actionIndex()
#8 E:\xampp\htdocs\toko-base\yii\framework\web\CController.php(309): CInlineAction->runWithParams(Array)
#9 E:\xampp\htdocs\toko-base\yii\framework\web\CController.php(287): CController->runAction(Object(CInlineAction))
#10 E:\xampp\htdocs\toko-base\yii\framework\web\CController.php(266): CController->runActionWithFilters(Object(CInlineAction), Array)
#11 E:\xampp\htdocs\toko-base\yii\framework\web\CWebApplication.php(276): CController->run('')
#12 E:\xampp\htdocs\toko-base\yii\framework\web\CWebApplication.php(135): CWebApplication->runController('jurnal')
#13 E:\xampp\htdocs\toko-base\yii\framework\base\CApplication.php(162): CWebApplication->processRequest()
#14 E:\xampp\htdocs\toko-base\index.php(22): CApplication->run()
#15 {main}
REQUEST_URI=/toko-base/index.php?r=jurnal
---
2022/10/29 01:14:08 [error] [system.db.CDbCommand] CDbCommand::fetchAll() failed: SQLSTATE[42000]: Syntax error or access violation: 1064 You have an error in your SQL syntax; check the manual that corresponds to your MariaDB server version for the right syntax to use near 'FROM
	akuntansi_jurnal aj
	INNER JOIN akuntansi_jurnal_detail ajd ON aj.id = a' at line 10. The SQL statement executed was: 
SELECT
	aj.tanggal_posting,
	aj.id as jurnal_id,
	akun_id,
	ak.nama_akun,
	sum(debit) as debit,
	sum(kredit) as kredit,
	u.username,
	keterangan,
FROM
	akuntansi_jurnal aj
	INNER JOIN akuntansi_jurnal_detail ajd ON aj.id = ajd.jurnal_id 
	INNER JOIN akuntansi_akun ak on ak.id = ajd.akun_id
	LEFT JOIN users u on u.id = aj.user_id
WHERE
	aj.branch_id='29'
	 and date(tanggal_posting) >= '2022-10-29' and date(tanggal_posting)<='2022-10-29' 
	
GROUP BY
	ajd.id
ORDER BY
	 aj.created_at asc

  .
in E:\xampp\htdocs\toko-base\protected\views\jurnal\laporan_jurnal.php (99)
in E:\xampp\htdocs\toko-base\protected\controllers\JurnalController.php (115)
in E:\xampp\htdocs\toko-base\index.php (22)
2022/10/29 01:14:08 [error] [exception.CDbException] CDbException: CDbCommand failed to execute the SQL statement: SQLSTATE[42000]: Syntax error or access violation: 1064 You have an error in your SQL syntax; check the manual that corresponds to your MariaDB server version for the right syntax to use near 'FROM
	akuntansi_jurnal aj
	INNER JOIN akuntansi_jurnal_detail ajd ON aj.id = a' at line 10. The SQL statement executed was: 
SELECT
	aj.tanggal_posting,
	aj.id as jurnal_id,
	akun_id,
	ak.nama_akun,
	sum(debit) as debit,
	sum(kredit) as kredit,
	u.username,
	keterangan,
FROM
	akuntansi_jurnal aj
	INNER JOIN akuntansi_jurnal_detail ajd ON aj.id = ajd.jurnal_id 
	INNER JOIN akuntansi_akun ak on ak.id = ajd.akun_id
	LEFT JOIN users u on u.id = aj.user_id
WHERE
	aj.branch_id='29'
	 and date(tanggal_posting) >= '2022-10-29' and date(tanggal_posting)<='2022-10-29' 
	
GROUP BY
	ajd.id
ORDER BY
	 aj.created_at asc

   in E:\xampp\htdocs\toko-base\yii\framework\db\CDbCommand.php:528
Stack trace:
#0 E:\xampp\htdocs\toko-base\yii\framework\db\CDbCommand.php(390): CDbCommand->queryInternal('fetchAll', Array, Array)
#1 E:\xampp\htdocs\toko-base\protected\views\jurnal\laporan_jurnal.php(99): CDbCommand->queryAll()
#2 E:\xampp\htdocs\toko-base\yii\framework\web\CBaseController.php(127): require('E:\\xampp\\htdocs...')
#3 E:\xampp\htdocs\toko-base\yii\framework\web\CBaseController.php(96): CBaseController->renderInternal('E:\\xampp\\htdocs...', Array, true)
#4 E:\xampp\htdocs\toko-base\yii\framework\web\CController.php(870): CBaseController->renderFile('E:\\xampp\\htdocs...', Array, true)
#5 E:\xampp\htdocs\toko-base\yii\framework\web\CController.php(783): CController->renderPartial('laporan_jurnal', Array, true)
#6 E:\xampp\htdocs\toko-base\protected\controllers\JurnalController.php(115): CController->render('laporan_jurnal', Array)
#7 E:\xampp\htdocs\toko-base\yii\framework\web\actions\CInlineAction.php(50): JurnalController->actionIndex()
#8 E:\xampp\htdocs\toko-base\yii\framework\web\CController.php(309): CInlineAction->runWithParams(Array)
#9 E:\xampp\htdocs\toko-base\yii\framework\web\CController.php(287): CController->runAction(Object(CInlineAction))
#10 E:\xampp\htdocs\toko-base\yii\framework\web\CController.php(266): CController->runActionWithFilters(Object(CInlineAction), Array)
#11 E:\xampp\htdocs\toko-base\yii\framework\web\CWebApplication.php(276): CController->run('')
#12 E:\xampp\htdocs\toko-base\yii\framework\web\CWebApplication.php(135): CWebApplication->runController('jurnal')
#13 E:\xampp\htdocs\toko-base\yii\framework\base\CApplication.php(162): CWebApplication->processRequest()
#14 E:\xampp\htdocs\toko-base\index.php(22): CApplication->run()
#15 {main}
REQUEST_URI=/toko-base/index.php?r=jurnal
HTTP_REFERER=http://localhost/toko-base/index.php?r=jurnal
---
